<?xml version="1.0" encoding="UTF-8"?>
<!-- Generated by org.testng.reporters.JUnitXMLReporter -->
<testsuite ignored="0" hostname="DESKTOP-34D8979" failures="0" tests="5" name="Default test" time="41.243" errors="0" timestamp="2025-07-26T23:17:11 IST">
  <testcase classname="testCases.TC003_LogInDDT" name="verify_loginDDT" time="2.234"/>
  <testcase classname="testCases.TC003_LogInDDT" name="verify_loginDDT" time="11.343"/>
  <testcase classname="testCases.TC003_LogInDDT" name="verify_loginDDT" time="10.763"/>
  <testcase classname="testCases.TC003_LogInDDT" name="verify_loginDDT" time="10.764"/>
  <testcase classname="testCases.TC003_LogInDDT" name="verify_loginDDT" time="1.845"/>
</testsuite> <!-- Default test -->
