<?xml version="1.0" encoding="UTF-8"?>
<testsuite xmlns:xsi="http://www.w3.org/2001/XMLSchema-instance" xsi:noNamespaceSchemaLocation="https://maven.apache.org/surefire/maven-surefire-plugin/xsd/surefire-test-report-3.0.xsd" version="3.0" name="TestSuite" time="12.859" tests="2" errors="0" skipped="0" failures="0">
  <properties>
[...]
</properties>
  <testcase name="verifyAccountRegistration" classname="testCases.TC001_AccountRegistration" time="2.578">
    <system-out><![CDATA[15:52:42.249 [main] INFO  testCases.TC001_AccountRegistration - ***********Starting the TC001_AccountRegistration*************
15:52:42.700 [main] INFO  testCases.TC001_AccountRegistration - ***********Clicked on My Account Link*************
15:52:43.121 [main] INFO  testCases.TC001_AccountRegistration - ***********Clicked on Register Link*************
15:52:43.123 [main] INFO  testCases.TC001_AccountRegistration - ***********Providing customer details*************
15:52:44.736 [main] INFO  testCases.TC001_AccountRegistration - ***********Clicked on continue button*************
15:52:44.737 [main] INFO  testCases.TC001_AccountRegistration - ***********Validating expected Message*************
15:52:44.791 [main] INFO  testCases.TC001_AccountRegistration - ***************Test case finished****************
]]></system-out>
    <system-err><![CDATA[Jul 29, 2025 3:52:41 PM org.openqa.selenium.devtools.CdpVersionFinder findNearestMatch
WARNING: Unable to find CDP implementation matching 138
Jul 29, 2025 3:52:41 PM org.openqa.selenium.chromium.ChromiumDriver lambda$new$4
WARNING: Unable to find version of CDP to use for 138.0.7204.169. You may need to include a dependency on a specific version of the CDP using something similar to `org.seleniumhq.selenium:selenium-devtools-v86:4.28.0` where the version ("v86") matches the version of the chromium-based browser you're using and the version number of the artifact is the same as Selenium's.
]]></system-err>
  </testcase>
  <testcase name="verify_login" classname="testCases.TC002_LogInTest" time="2.276">
    <system-out><![CDATA[15:52:47.031 [main] INFO  testCases.TC002_LogInTest - ***********Starting the TC002_LoginTest*************
15:52:49.301 [main] INFO  testCases.TC002_LogInTest - ***********Finshed the TC002_LoginTest*************
]]></system-out>
    <system-err><![CDATA[Jul 29, 2025 3:52:46 PM org.openqa.selenium.devtools.CdpVersionFinder findNearestMatch
WARNING: Unable to find CDP implementation matching 138
Jul 29, 2025 3:52:46 PM org.openqa.selenium.chromium.ChromiumDriver lambda$new$4
WARNING: Unable to find version of CDP to use for 138.0.7204.169. You may need to include a dependency on a specific version of the CDP using something similar to `org.seleniumhq.selenium:selenium-devtools-v86:4.28.0` where the version ("v86") matches the version of the chromium-based browser you're using and the version number of the artifact is the same as Selenium's.
]]></system-err>
  </testcase>
</testsuite>