<?xml version="1.0" encoding="UTF-8"?>
<testng-results ignored="0" total="2" passed="2" failed="0" skipped="0">
  <reporter-output>
  </reporter-output>
  <suite started-at="2025-07-29T15:52:39 IST" name="MasterSuite" finished-at="2025-07-29T15:52:49 IST" duration-ms="10256">
    <groups>
      <group name="Master">
        <method signature="TC001_AccountRegistration.verifyAccountRegistration()[pri:0, instance:testCases.TC001_AccountRegistration@56c4278e]" name="verifyAccountRegistration" class="testCases.TC001_AccountRegistration"/>
        <method signature="TC002_LogInTest.verify_login()[pri:0, instance:testCases.TC002_LogInTest@301eda63]" name="verify_login" class="testCases.TC002_LogInTest"/>
      </group> <!-- Master -->
      <group name="Sanity">
        <method signature="TC002_LogInTest.verify_login()[pri:0, instance:testCases.TC002_LogInTest@301eda63]" name="verify_login" class="testCases.TC002_LogInTest"/>
      </group> <!-- Sanity -->
      <group name="Regression">
        <method signature="TC001_AccountRegistration.verifyAccountRegistration()[pri:0, instance:testCases.TC001_AccountRegistration@56c4278e]" name="verifyAccountRegistration" class="testCases.TC001_AccountRegistration"/>
      </group> <!-- Regression -->
    </groups>
    <test started-at="2025-07-29T15:52:39 IST" name="Test" finished-at="2025-07-29T15:52:49 IST" duration-ms="10256">
      <class name="testCases.TC001_AccountRegistration">
        <test-method is-config="true" signature="setup(java.lang.String,java.lang.String)[pri:0, instance:testCases.TC001_AccountRegistration@56c4278e]" started-at="2025-07-29T15:52:39 IST" name="setup" finished-at="2025-07-29T15:52:42 IST" duration-ms="2634" status="PASS">
          <params>
            <param index="0">
              <value>
                <![CDATA[Windows]]>
              </value>
            </param>
            <param index="1">
              <value>
                <![CDATA[chrome]]>
              </value>
            </param>
          </params>
          <reporter-output>
          </reporter-output>
        </test-method> <!-- setup -->
        <test-method signature="verifyAccountRegistration()[pri:0, instance:testCases.TC001_AccountRegistration@56c4278e]" started-at="2025-07-29T15:52:42 IST" name="verifyAccountRegistration" finished-at="2025-07-29T15:52:44 IST" duration-ms="2569" status="PASS">
          <reporter-output>
          </reporter-output>
        </test-method> <!-- verifyAccountRegistration -->
        <test-method is-config="true" signature="tearDown()[pri:0, instance:testCases.TC001_AccountRegistration@56c4278e]" started-at="2025-07-29T15:52:44 IST" name="tearDown" finished-at="2025-07-29T15:52:45 IST" duration-ms="236" status="PASS">
          <reporter-output>
          </reporter-output>
        </test-method> <!-- tearDown -->
      </class> <!-- testCases.TC001_AccountRegistration -->
      <class name="testCases.TC002_LogInTest">
        <test-method is-config="true" signature="setup(java.lang.String,java.lang.String)[pri:0, instance:testCases.TC002_LogInTest@301eda63]" started-at="2025-07-29T15:52:45 IST" name="setup" finished-at="2025-07-29T15:52:47 IST" duration-ms="1984" status="PASS">
          <params>
            <param index="0">
              <value>
                <![CDATA[Windows]]>
              </value>
            </param>
            <param index="1">
              <value>
                <![CDATA[chrome]]>
              </value>
            </param>
          </params>
          <reporter-output>
          </reporter-output>
        </test-method> <!-- setup -->
        <test-method signature="verify_login()[pri:0, instance:testCases.TC002_LogInTest@301eda63]" started-at="2025-07-29T15:52:47 IST" name="verify_login" finished-at="2025-07-29T15:52:49 IST" duration-ms="2275" status="PASS">
          <reporter-output>
          </reporter-output>
        </test-method> <!-- verify_login -->
        <test-method is-config="true" signature="tearDown()[pri:0, instance:testCases.TC002_LogInTest@301eda63]" started-at="2025-07-29T15:52:49 IST" name="tearDown" finished-at="2025-07-29T15:52:49 IST" duration-ms="215" status="PASS">
          <reporter-output>
          </reporter-output>
        </test-method> <!-- tearDown -->
      </class> <!-- testCases.TC002_LogInTest -->
    </test> <!-- Test -->
  </suite> <!-- MasterSuite -->
</testng-results>
