<?xml version="1.0" encoding="UTF-8"?>
<testng-results ignored="0" total="2" passed="2" failed="0" skipped="0">
  <reporter-output>
  </reporter-output>
  <suite started-at="2025-07-28T22:48:11 IST" name="MasterSuite" finished-at="2025-07-28T22:48:22 IST" duration-ms="10335">
    <groups>
      <group name="Master">
        <method signature="TC001_AccountRegistration.verifyAccountRegistration()[pri:0, instance:testCases.TC001_AccountRegistration@56c4278e]" name="verifyAccountRegistration" class="testCases.TC001_AccountRegistration"/>
        <method signature="TC002_LogInTest.verify_login()[pri:0, instance:testCases.TC002_LogInTest@301eda63]" name="verify_login" class="testCases.TC002_LogInTest"/>
      </group> <!-- Master -->
      <group name="Sanity">
        <method signature="TC002_LogInTest.verify_login()[pri:0, instance:testCases.TC002_LogInTest@301eda63]" name="verify_login" class="testCases.TC002_LogInTest"/>
      </group> <!-- Sanity -->
      <group name="Regression">
        <method signature="TC001_AccountRegistration.verifyAccountRegistration()[pri:0, instance:testCases.TC001_AccountRegistration@56c4278e]" name="verifyAccountRegistration" class="testCases.TC001_AccountRegistration"/>
      </group> <!-- Regression -->
    </groups>
    <test started-at="2025-07-28T22:48:11 IST" name="Test" finished-at="2025-07-28T22:48:22 IST" duration-ms="10335">
      <class name="testCases.TC001_AccountRegistration">
        <test-method is-config="true" signature="setup(java.lang.String,java.lang.String)[pri:0, instance:testCases.TC001_AccountRegistration@56c4278e]" started-at="2025-07-28T22:48:12 IST" name="setup" finished-at="2025-07-28T22:48:14 IST" duration-ms="2490" status="PASS">
          <params>
            <param index="0">
              <value>
                <![CDATA[Windows]]>
              </value>
            </param>
            <param index="1">
              <value>
                <![CDATA[chrome]]>
              </value>
            </param>
          </params>
          <reporter-output>
          </reporter-output>
        </test-method> <!-- setup -->
        <test-method signature="verifyAccountRegistration()[pri:0, instance:testCases.TC001_AccountRegistration@56c4278e]" started-at="2025-07-28T22:48:14 IST" name="verifyAccountRegistration" finished-at="2025-07-28T22:48:17 IST" duration-ms="2657" status="PASS">
          <reporter-output>
          </reporter-output>
        </test-method> <!-- verifyAccountRegistration -->
        <test-method is-config="true" signature="tearDown()[pri:0, instance:testCases.TC001_AccountRegistration@56c4278e]" started-at="2025-07-28T22:48:17 IST" name="tearDown" finished-at="2025-07-28T22:48:17 IST" duration-ms="240" status="PASS">
          <reporter-output>
          </reporter-output>
        </test-method> <!-- tearDown -->
      </class> <!-- testCases.TC001_AccountRegistration -->
      <class name="testCases.TC002_LogInTest">
        <test-method is-config="true" signature="setup(java.lang.String,java.lang.String)[pri:0, instance:testCases.TC002_LogInTest@301eda63]" started-at="2025-07-28T22:48:17 IST" name="setup" finished-at="2025-07-28T22:48:19 IST" duration-ms="2071" status="PASS">
          <params>
            <param index="0">
              <value>
                <![CDATA[Windows]]>
              </value>
            </param>
            <param index="1">
              <value>
                <![CDATA[chrome]]>
              </value>
            </param>
          </params>
          <reporter-output>
          </reporter-output>
        </test-method> <!-- setup -->
        <test-method signature="verify_login()[pri:0, instance:testCases.TC002_LogInTest@301eda63]" started-at="2025-07-28T22:48:19 IST" name="verify_login" finished-at="2025-07-28T22:48:22 IST" duration-ms="2326" status="PASS">
          <reporter-output>
          </reporter-output>
        </test-method> <!-- verify_login -->
        <test-method is-config="true" signature="tearDown()[pri:0, instance:testCases.TC002_LogInTest@301eda63]" started-at="2025-07-28T22:48:22 IST" name="tearDown" finished-at="2025-07-28T22:48:22 IST" duration-ms="219" status="PASS">
          <reporter-output>
          </reporter-output>
        </test-method> <!-- tearDown -->
      </class> <!-- testCases.TC002_LogInTest -->
    </test> <!-- Test -->
  </suite> <!-- MasterSuite -->
</testng-results>
