<?xml version="1.0" encoding="UTF-8"?>
<testng-results ignored="0" total="4" passed="4" failed="0" skipped="0">
  <reporter-output>
  </reporter-output>
  <suite started-at="2025-07-28T18:06:15 IST" name="Gird-DockerSuite" finished-at="2025-07-28T18:06:45 IST" duration-ms="29548">
    <groups>
      <group name="Master">
        <method signature="TC001_AccountRegistration.verifyAccountRegistration()[pri:0, instance:testCases.TC001_AccountRegistration@7fb95505]" name="verifyAccountRegistration" class="testCases.TC001_AccountRegistration"/>
        <method signature="TC002_LogInTest.verify_login()[pri:0, instance:testCases.TC002_LogInTest@58be6e8]" name="verify_login" class="testCases.TC002_LogInTest"/>
        <method signature="TC001_AccountRegistration.verifyAccountRegistration()[pri:0, instance:testCases.TC001_AccountRegistration@12f9af83]" name="verifyAccountRegistration" class="testCases.TC001_AccountRegistration"/>
        <method signature="TC002_LogInTest.verify_login()[pri:0, instance:testCases.TC002_LogInTest@19b93fa8]" name="verify_login" class="testCases.TC002_LogInTest"/>
      </group> <!-- Master -->
      <group name="Sanity">
        <method signature="TC002_LogInTest.verify_login()[pri:0, instance:testCases.TC002_LogInTest@58be6e8]" name="verify_login" class="testCases.TC002_LogInTest"/>
        <method signature="TC002_LogInTest.verify_login()[pri:0, instance:testCases.TC002_LogInTest@19b93fa8]" name="verify_login" class="testCases.TC002_LogInTest"/>
      </group> <!-- Sanity -->
      <group name="Regression">
        <method signature="TC001_AccountRegistration.verifyAccountRegistration()[pri:0, instance:testCases.TC001_AccountRegistration@7fb95505]" name="verifyAccountRegistration" class="testCases.TC001_AccountRegistration"/>
        <method signature="TC001_AccountRegistration.verifyAccountRegistration()[pri:0, instance:testCases.TC001_AccountRegistration@12f9af83]" name="verifyAccountRegistration" class="testCases.TC001_AccountRegistration"/>
      </group> <!-- Regression -->
    </groups>
    <test started-at="2025-07-28T18:06:15 IST" name="Linux-Chrome-Test" finished-at="2025-07-28T18:06:26 IST" duration-ms="10712">
      <class name="testCases.TC001_AccountRegistration">
        <test-method is-config="true" signature="setup(java.lang.String,java.lang.String)[pri:0, instance:testCases.TC001_AccountRegistration@7fb95505]" started-at="2025-07-28T18:06:15 IST" name="setup" finished-at="2025-07-28T18:06:19 IST" duration-ms="3848" status="PASS">
          <params>
            <param index="0">
              <value>
                <![CDATA[Linux]]>
              </value>
            </param>
            <param index="1">
              <value>
                <![CDATA[chrome]]>
              </value>
            </param>
          </params>
          <reporter-output>
          </reporter-output>
        </test-method> <!-- setup -->
        <test-method signature="verifyAccountRegistration()[pri:0, instance:testCases.TC001_AccountRegistration@7fb95505]" started-at="2025-07-28T18:06:19 IST" name="verifyAccountRegistration" finished-at="2025-07-28T18:06:22 IST" duration-ms="2808" status="PASS">
          <reporter-output>
          </reporter-output>
        </test-method> <!-- verifyAccountRegistration -->
        <test-method is-config="true" signature="tearDown()[pri:0, instance:testCases.TC001_AccountRegistration@7fb95505]" started-at="2025-07-28T18:06:22 IST" name="tearDown" finished-at="2025-07-28T18:06:22 IST" duration-ms="98" status="PASS">
          <reporter-output>
          </reporter-output>
        </test-method> <!-- tearDown -->
      </class> <!-- testCases.TC001_AccountRegistration -->
      <class name="testCases.TC002_LogInTest">
        <test-method is-config="true" signature="setup(java.lang.String,java.lang.String)[pri:0, instance:testCases.TC002_LogInTest@58be6e8]" started-at="2025-07-28T18:06:22 IST" name="setup" finished-at="2025-07-28T18:06:23 IST" duration-ms="1440" status="PASS">
          <params>
            <param index="0">
              <value>
                <![CDATA[Linux]]>
              </value>
            </param>
            <param index="1">
              <value>
                <![CDATA[chrome]]>
              </value>
            </param>
          </params>
          <reporter-output>
          </reporter-output>
        </test-method> <!-- setup -->
        <test-method signature="verify_login()[pri:0, instance:testCases.TC002_LogInTest@58be6e8]" started-at="2025-07-28T18:06:23 IST" name="verify_login" finished-at="2025-07-28T18:06:26 IST" duration-ms="2129" status="PASS">
          <reporter-output>
          </reporter-output>
        </test-method> <!-- verify_login -->
        <test-method is-config="true" signature="tearDown()[pri:0, instance:testCases.TC002_LogInTest@58be6e8]" started-at="2025-07-28T18:06:26 IST" name="tearDown" finished-at="2025-07-28T18:06:26 IST" duration-ms="88" status="PASS">
          <reporter-output>
          </reporter-output>
        </test-method> <!-- tearDown -->
      </class> <!-- testCases.TC002_LogInTest -->
    </test> <!-- Linux-Chrome-Test -->
    <test started-at="2025-07-28T18:06:27 IST" name="Linux-firefox-Test" finished-at="2025-07-28T18:06:45 IST" duration-ms="17178">
      <class name="testCases.TC001_AccountRegistration">
        <test-method is-config="true" signature="setup(java.lang.String,java.lang.String)[pri:0, instance:testCases.TC001_AccountRegistration@12f9af83]" started-at="2025-07-28T18:06:27 IST" name="setup" finished-at="2025-07-28T18:06:34 IST" duration-ms="6174" status="PASS">
          <params>
            <param index="0">
              <value>
                <![CDATA[Linux]]>
              </value>
            </param>
            <param index="1">
              <value>
                <![CDATA[firefox]]>
              </value>
            </param>
          </params>
          <reporter-output>
          </reporter-output>
        </test-method> <!-- setup -->
        <test-method signature="verifyAccountRegistration()[pri:0, instance:testCases.TC001_AccountRegistration@12f9af83]" started-at="2025-07-28T18:06:34 IST" name="verifyAccountRegistration" finished-at="2025-07-28T18:06:36 IST" duration-ms="2744" status="PASS">
          <reporter-output>
          </reporter-output>
        </test-method> <!-- verifyAccountRegistration -->
        <test-method is-config="true" signature="tearDown()[pri:0, instance:testCases.TC001_AccountRegistration@12f9af83]" started-at="2025-07-28T18:06:36 IST" name="tearDown" finished-at="2025-07-28T18:06:37 IST" duration-ms="942" status="PASS">
          <reporter-output>
          </reporter-output>
        </test-method> <!-- tearDown -->
      </class> <!-- testCases.TC001_AccountRegistration -->
      <class name="testCases.TC002_LogInTest">
        <test-method is-config="true" signature="setup(java.lang.String,java.lang.String)[pri:0, instance:testCases.TC002_LogInTest@19b93fa8]" started-at="2025-07-28T18:06:37 IST" name="setup" finished-at="2025-07-28T18:06:41 IST" duration-ms="4295" status="PASS">
          <params>
            <param index="0">
              <value>
                <![CDATA[Linux]]>
              </value>
            </param>
            <param index="1">
              <value>
                <![CDATA[firefox]]>
              </value>
            </param>
          </params>
          <reporter-output>
          </reporter-output>
        </test-method> <!-- setup -->
        <test-method signature="verify_login()[pri:0, instance:testCases.TC002_LogInTest@19b93fa8]" started-at="2025-07-28T18:06:41 IST" name="verify_login" finished-at="2025-07-28T18:06:43 IST" duration-ms="1982" status="PASS">
          <reporter-output>
          </reporter-output>
        </test-method> <!-- verify_login -->
        <test-method is-config="true" signature="tearDown()[pri:0, instance:testCases.TC002_LogInTest@19b93fa8]" started-at="2025-07-28T18:06:43 IST" name="tearDown" finished-at="2025-07-28T18:06:45 IST" duration-ms="1028" status="PASS">
          <reporter-output>
          </reporter-output>
        </test-method> <!-- tearDown -->
      </class> <!-- testCases.TC002_LogInTest -->
    </test> <!-- Linux-firefox-Test -->
  </suite> <!-- Gird-DockerSuite -->
</testng-results>
